[00:48:30] [plugins/mysql] mysql_format: invalid connection handle '0' (C:\Users\vividsec\Documents\g4pold\pawno\include\system/paint.inc:347 -> C:\Users\vividsec\Documents\g4pold\pawno\include\system/paint.inc:330 -> C:\Users\vividsec\Documents\g4pold\pawno\include\YSI_Coding\y_hooks\..\y_cgen\y_cgen_impl.inc:156)
[00:48:30] [plugins/mysql] mysql_query: invalid connection handle '0' (C:\Users\vividsec\Documents\g4pold\pawno\include\system/paint.inc:348 -> C:\Users\vividsec\Documents\g4pold\pawno\include\system/paint.inc:330 -> C:\Users\vividsec\Documents\g4pold\pawno\include\YSI_Coding\y_hooks\..\y_cgen\y_cgen_impl.inc:156)
[00:48:30] [plugins/mysql] cache_get_row_count: no active cache (C:\Users\vividsec\Documents\g4pold\pawno\include\a_mysql.inc:182 -> C:\Users\vividsec\Documents\g4pold\pawno\include\system/paint.inc:350 -> C:\Users\vividsec\Documents\g4pold\pawno\include\system/paint.inc:330 -> C:\Users\vividsec\Documents\g4pold\pawno\include\YSI_Coding\y_hooks\..\y_cgen\y_cgen_impl.inc:156)
[00:48:30] [plugins/mysql] cache_delete: invalid cache id '0' (C:\Users\vividsec\Documents\g4pold\pawno\include\system/paint.inc:358 -> C:\Users\vividsec\Documents\g4pold\pawno\include\system/paint.inc:330 -> C:\Users\vividsec\Documents\g4pold\pawno\include\YSI_Coding\y_hooks\..\y_cgen\y_cgen_impl.inc:156)
[00:48:30] [plugins/mysql] mysql_tquery: callback error: callback "_load_House_Objects" does not exist (C:\Users\vividsec\Documents\g4pold\pawno\include\system/sql.inc:25 -> C:\Users\vividsec\Documents\g4pold\pawno\include\../../server/publics.inc:102 -> C:\Users\vividsec\Documents\g4pold\pawno\include\nex-ac.inc:3646 -> C:\Users\vividsec\Documents\g4pold\pawno\include\indirection\indirection.inc:1759 -> C:\Users\vividsec\Documents\g4pold\pawno\include\YSI_Coding\y_hooks\..\y_cgen\y_cgen_impl.inc:156)
[00:48:30] [plugins/mysql] cache_get_value_name_int: field 'Garage' not found (C:\Users\vividsec\Documents\g4pold\pawno\include\system/houses.inc:51)
[00:48:30] [plugins/mysql] cache_get_value_name_float: field 'GaragePosX' not found (C:\Users\vividsec\Documents\g4pold\pawno\include\system/houses.inc:59)
[00:48:30] [plugins/mysql] cache_get_value_name_float: field 'GaragePosY' not found (C:\Users\vividsec\Documents\g4pold\pawno\include\system/houses.inc:60)
[00:48:30] [plugins/mysql] cache_get_value_name_float: field 'GaragePosZ' not found (C:\Users\vividsec\Documents\g4pold\pawno\include\system/houses.inc:61)
[00:48:30] [plugins/mysql] cache_get_value_name_int: field 'Garage' not found (C:\Users\vividsec\Documents\g4pold\pawno\include\system/houses.inc:51)
[00:48:30] [plugins/mysql] cache_get_value_name_float: field 'GaragePosX' not found (C:\Users\vividsec\Documents\g4pold\pawno\include\system/houses.inc:59)
[00:48:30] [plugins/mysql] cache_get_value_name_float: field 'GaragePosY' not found (C:\Users\vividsec\Documents\g4pold\pawno\include\system/houses.inc:60)
[00:48:30] [plugins/mysql] cache_get_value_name_float: field 'GaragePosZ' not found (C:\Users\vividsec\Documents\g4pold\pawno\include\system/houses.inc:61)
[00:48:30] [plugins/mysql] cache_get_value_name_int: field 'Garage' not found (C:\Users\vividsec\Documents\g4pold\pawno\include\system/houses.inc:51)
[00:48:30] [plugins/mysql] cache_get_value_name_float: field 'GaragePosX' not found (C:\Users\vividsec\Documents\g4pold\pawno\include\system/houses.inc:59)
[00:48:30] [plugins/mysql] cache_get_value_name_float: field 'GaragePosY' not found (C:\Users\vividsec\Documents\g4pold\pawno\include\system/houses.inc:60)
[00:48:30] [plugins/mysql] cache_get_value_name_float: field 'GaragePosZ' not found (C:\Users\vividsec\Documents\g4pold\pawno\include\system/houses.inc:61)
[00:48:30] [plugins/mysql] cache_get_value_name_int: field 'Garage' not found (C:\Users\vividsec\Documents\g4pold\pawno\include\system/houses.inc:51)
[00:48:30] [plugins/mysql] cache_get_value_name_float: field 'GaragePosX' not found (C:\Users\vividsec\Documents\g4pold\pawno\include\system/houses.inc:59)
[00:48:30] [plugins/mysql] cache_get_value_name_float: field 'GaragePosY' not found (C:\Users\vividsec\Documents\g4pold\pawno\include\system/houses.inc:60)
[00:48:30] [plugins/mysql] cache_get_value_name_float: field 'GaragePosZ' not found (C:\Users\vividsec\Documents\g4pold\pawno\include\system/houses.inc:61)
[00:48:30] [plugins/mysql] cache_get_value_name_int: field 'Garage' not found (C:\Users\vividsec\Documents\g4pold\pawno\include\system/houses.inc:51)
[00:48:30] [plugins/mysql] cache_get_value_name_float: field 'GaragePosX' not found (C:\Users\vividsec\Documents\g4pold\pawno\include\system/houses.inc:59)
[00:48:30] [plugins/mysql] cache_get_value_name_float: field 'GaragePosY' not found (C:\Users\vividsec\Documents\g4pold\pawno\include\system/houses.inc:60)
[00:48:30] [plugins/mysql] cache_get_value_name_float: field 'GaragePosZ' not found (C:\Users\vividsec\Documents\g4pold\pawno\include\system/houses.inc:61)
[00:48:30] [plugins/mysql] cache_get_value_name_int: field 'Garage' not found (C:\Users\vividsec\Documents\g4pold\pawno\include\system/houses.inc:51)
[00:48:30] [plugins/mysql] cache_get_value_name_float: field 'GaragePosX' not found (C:\Users\vividsec\Documents\g4pold\pawno\include\system/houses.inc:59)
[00:48:30] [plugins/mysql] cache_get_value_name_float: field 'GaragePosY' not found (C:\Users\vividsec\Documents\g4pold\pawno\include\system/houses.inc:60)
[00:48:30] [plugins/mysql] cache_get_value_name_float: field 'GaragePosZ' not found (C:\Users\vividsec\Documents\g4pold\pawno\include\system/houses.inc:61)
[00:48:30] [plugins/mysql] cache_get_value_name_int: field 'Garage' not found (C:\Users\vividsec\Documents\g4pold\pawno\include\system/houses.inc:51)
[00:48:30] [plugins/mysql] cache_get_value_name_float: field 'GaragePosX' not found (C:\Users\vividsec\Documents\g4pold\pawno\include\system/houses.inc:59)
[00:48:30] [plugins/mysql] cache_get_value_name_float: field 'GaragePosY' not found (C:\Users\vividsec\Documents\g4pold\pawno\include\system/houses.inc:60)
[00:48:30] [plugins/mysql] cache_get_value_name_float: field 'GaragePosZ' not found (C:\Users\vividsec\Documents\g4pold\pawno\include\system/houses.inc:61)
[00:48:30] [plugins/mysql] cache_get_value_name_int: field 'Garage' not found (C:\Users\vividsec\Documents\g4pold\pawno\include\system/houses.inc:51)
[00:48:30] [plugins/mysql] cache_get_value_name_float: field 'GaragePosX' not found (C:\Users\vividsec\Documents\g4pold\pawno\include\system/houses.inc:59)
[00:48:30] [plugins/mysql] cache_get_value_name_float: field 'GaragePosY' not found (C:\Users\vividsec\Documents\g4pold\pawno\include\system/houses.inc:60)
[00:48:30] [plugins/mysql] cache_get_value_name_float: field 'GaragePosZ' not found (C:\Users\vividsec\Documents\g4pold\pawno\include\system/houses.inc:61)
[00:48:30] [plugins/mysql] cache_get_value_name_int: field 'Garage' not found (C:\Users\vividsec\Documents\g4pold\pawno\include\system/houses.inc:51)
[00:48:30] [plugins/mysql] cache_get_value_name_float: field 'GaragePosX' not found (C:\Users\vividsec\Documents\g4pold\pawno\include\system/houses.inc:59)
[00:48:30] [plugins/mysql] cache_get_value_name_float: field 'GaragePosY' not found (C:\Users\vividsec\Documents\g4pold\pawno\include\system/houses.inc:60)
[00:48:30] [plugins/mysql] cache_get_value_name_float: field 'GaragePosZ' not found (C:\Users\vividsec\Documents\g4pold\pawno\include\system/houses.inc:61)
[00:48:30] [plugins/mysql] cache_get_value_name_int: field 'Garage' not found (C:\Users\vividsec\Documents\g4pold\pawno\include\system/houses.inc:51)
[00:48:30] [plugins/mysql] cache_get_value_name_float: field 'GaragePosX' not found (C:\Users\vividsec\Documents\g4pold\pawno\include\system/houses.inc:59)
[00:48:30] [plugins/mysql] cache_get_value_name_float: field 'GaragePosY' not found (C:\Users\vividsec\Documents\g4pold\pawno\include\system/houses.inc:60)
[00:48:30] [plugins/mysql] cache_get_value_name_float: field 'GaragePosZ' not found (C:\Users\vividsec\Documents\g4pold\pawno\include\system/houses.inc:61)
[00:48:30] [plugins/mysql] cache_get_value_name_int: field 'Garage' not found (C:\Users\vividsec\Documents\g4pold\pawno\include\system/houses.inc:51)
[00:48:30] [plugins/mysql] cache_get_value_name_float: field 'GaragePosX' not found (C:\Users\vividsec\Documents\g4pold\pawno\include\system/houses.inc:59)
[00:48:30] [plugins/mysql] cache_get_value_name_float: field 'GaragePosY' not found (C:\Users\vividsec\Documents\g4pold\pawno\include\system/houses.inc:60)
[00:48:30] [plugins/mysql] cache_get_value_name_float: field 'GaragePosZ' not found (C:\Users\vividsec\Documents\g4pold\pawno\include\system/houses.inc:61)
[00:48:30] [plugins/mysql] cache_get_value_name_int: field 'Garage' not found (C:\Users\vividsec\Documents\g4pold\pawno\include\system/houses.inc:51)
[00:48:30] [plugins/mysql] cache_get_value_name_float: field 'GaragePosX' not found (C:\Users\vividsec\Documents\g4pold\pawno\include\system/houses.inc:59)
[00:48:30] [plugins/mysql] cache_get_value_name_float: field 'GaragePosY' not found (C:\Users\vividsec\Documents\g4pold\pawno\include\system/houses.inc:60)
[00:48:30] [plugins/mysql] cache_get_value_name_float: field 'GaragePosZ' not found (C:\Users\vividsec\Documents\g4pold\pawno\include\system/houses.inc:61)
[00:48:30] [plugins/mysql] cache_get_value_name_int: field 'Garage' not found (C:\Users\vividsec\Documents\g4pold\pawno\include\system/houses.inc:51)
[00:48:30] [plugins/mysql] cache_get_value_name_float: field 'GaragePosX' not found (C:\Users\vividsec\Documents\g4pold\pawno\include\system/houses.inc:59)
[00:48:30] [plugins/mysql] cache_get_value_name_float: field 'GaragePosY' not found (C:\Users\vividsec\Documents\g4pold\pawno\include\system/houses.inc:60)
[00:48:30] [plugins/mysql] cache_get_value_name_float: field 'GaragePosZ' not found (C:\Users\vividsec\Documents\g4pold\pawno\include\system/houses.inc:61)
[00:48:30] [plugins/mysql] cache_get_value_name_int: field 'Garage' not found (C:\Users\vividsec\Documents\g4pold\pawno\include\system/houses.inc:51)
[00:48:30] [plugins/mysql] cache_get_value_name_float: field 'GaragePosX' not found (C:\Users\vividsec\Documents\g4pold\pawno\include\system/houses.inc:59)
[00:48:30] [plugins/mysql] cache_get_value_name_float: field 'GaragePosY' not found (C:\Users\vividsec\Documents\g4pold\pawno\include\system/houses.inc:60)
[00:48:30] [plugins/mysql] cache_get_value_name_float: field 'GaragePosZ' not found (C:\Users\vividsec\Documents\g4pold\pawno\include\system/houses.inc:61)
[00:48:30] [plugins/mysql] cache_get_value_name_int: field 'Garage' not found (C:\Users\vividsec\Documents\g4pold\pawno\include\system/houses.inc:51)
[00:48:30] [plugins/mysql] cache_get_value_name_float: field 'GaragePosX' not found (C:\Users\vividsec\Documents\g4pold\pawno\include\system/houses.inc:59)
[00:48:30] [plugins/mysql] cache_get_value_name_float: field 'GaragePosY' not found (C:\Users\vividsec\Documents\g4pold\pawno\include\system/houses.inc:60)
[00:48:30] [plugins/mysql] cache_get_value_name_float: field 'GaragePosZ' not found (C:\Users\vividsec\Documents\g4pold\pawno\include\system/houses.inc:61)
[00:48:30] [plugins/mysql] cache_get_value_name_int: field 'Garage' not found (C:\Users\vividsec\Documents\g4pold\pawno\include\system/houses.inc:51)
[00:48:30] [plugins/mysql] cache_get_value_name_float: field 'GaragePosX' not found (C:\Users\vividsec\Documents\g4pold\pawno\include\system/houses.inc:59)
[00:48:30] [plugins/mysql] cache_get_value_name_float: field 'GaragePosY' not found (C:\Users\vividsec\Documents\g4pold\pawno\include\system/houses.inc:60)
[00:48:30] [plugins/mysql] cache_get_value_name_float: field 'GaragePosZ' not found (C:\Users\vividsec\Documents\g4pold\pawno\include\system/houses.inc:61)
[00:48:30] [plugins/mysql] cache_get_value_name_int: field 'Garage' not found (C:\Users\vividsec\Documents\g4pold\pawno\include\system/houses.inc:51)
[00:48:30] [plugins/mysql] cache_get_value_name_float: field 'GaragePosX' not found (C:\Users\vividsec\Documents\g4pold\pawno\include\system/houses.inc:59)
[00:48:30] [plugins/mysql] cache_get_value_name_float: field 'GaragePosY' not found (C:\Users\vividsec\Documents\g4pold\pawno\include\system/houses.inc:60)
[00:48:30] [plugins/mysql] cache_get_value_name_float: field 'GaragePosZ' not found (C:\Users\vividsec\Documents\g4pold\pawno\include\system/houses.inc:61)
[00:48:30] [plugins/mysql] cache_get_value_name_int: field 'Garage' not found (C:\Users\vividsec\Documents\g4pold\pawno\include\system/houses.inc:51)
[00:48:30] [plugins/mysql] cache_get_value_name_float: field 'GaragePosX' not found (C:\Users\vividsec\Documents\g4pold\pawno\include\system/houses.inc:59)
[00:48:30] [plugins/mysql] cache_get_value_name_float: field 'GaragePosY' not found (C:\Users\vividsec\Documents\g4pold\pawno\include\system/houses.inc:60)
[00:48:30] [plugins/mysql] cache_get_value_name_float: field 'GaragePosZ' not found (C:\Users\vividsec\Documents\g4pold\pawno\include\system/houses.inc:61)
[00:48:30] [plugins/mysql] cache_get_value_name_int: field 'Garage' not found (C:\Users\vividsec\Documents\g4pold\pawno\include\system/houses.inc:51)
[00:48:30] [plugins/mysql] cache_get_value_name_float: field 'GaragePosX' not found (C:\Users\vividsec\Documents\g4pold\pawno\include\system/houses.inc:59)
[00:48:30] [plugins/mysql] cache_get_value_name_float: field 'GaragePosY' not found (C:\Users\vividsec\Documents\g4pold\pawno\include\system/houses.inc:60)
[00:48:30] [plugins/mysql] cache_get_value_name_float: field 'GaragePosZ' not found (C:\Users\vividsec\Documents\g4pold\pawno\include\system/houses.inc:61)
[00:48:30] [plugins/mysql] cache_get_value_name_int: field 'Garage' not found (C:\Users\vividsec\Documents\g4pold\pawno\include\system/houses.inc:51)
[00:48:30] [plugins/mysql] cache_get_value_name_float: field 'GaragePosX' not found (C:\Users\vividsec\Documents\g4pold\pawno\include\system/houses.inc:59)
[00:48:30] [plugins/mysql] cache_get_value_name_float: field 'GaragePosY' not found (C:\Users\vividsec\Documents\g4pold\pawno\include\system/houses.inc:60)
[00:48:30] [plugins/mysql] cache_get_value_name_float: field 'GaragePosZ' not found (C:\Users\vividsec\Documents\g4pold\pawno\include\system/houses.inc:61)
[00:48:30] [plugins/mysql] cache_get_value_name_int: field 'Garage' not found (C:\Users\vividsec\Documents\g4pold\pawno\include\system/houses.inc:51)
[00:48:30] [plugins/mysql] cache_get_value_name_float: field 'GaragePosX' not found (C:\Users\vividsec\Documents\g4pold\pawno\include\system/houses.inc:59)
[00:48:30] [plugins/mysql] cache_get_value_name_float: field 'GaragePosY' not found (C:\Users\vividsec\Documents\g4pold\pawno\include\system/houses.inc:60)
[00:48:30] [plugins/mysql] cache_get_value_name_float: field 'GaragePosZ' not found (C:\Users\vividsec\Documents\g4pold\pawno\include\system/houses.inc:61)
[00:48:30] [plugins/mysql] cache_get_value_name_int: field 'Garage' not found (C:\Users\vividsec\Documents\g4pold\pawno\include\system/houses.inc:51)
[00:48:30] [plugins/mysql] cache_get_value_name_float: field 'GaragePosX' not found (C:\Users\vividsec\Documents\g4pold\pawno\include\system/houses.inc:59)
[00:48:30] [plugins/mysql] cache_get_value_name_float: field 'GaragePosY' not found (C:\Users\vividsec\Documents\g4pold\pawno\include\system/houses.inc:60)
[00:48:30] [plugins/mysql] cache_get_value_name_float: field 'GaragePosZ' not found (C:\Users\vividsec\Documents\g4pold\pawno\include\system/houses.inc:61)
[00:48:30] [plugins/mysql] cache_get_value_name_int: field 'Garage' not found (C:\Users\vividsec\Documents\g4pold\pawno\include\system/houses.inc:51)
[00:48:30] [plugins/mysql] cache_get_value_name_float: field 'GaragePosX' not found (C:\Users\vividsec\Documents\g4pold\pawno\include\system/houses.inc:59)
[00:48:30] [plugins/mysql] cache_get_value_name_float: field 'GaragePosY' not found (C:\Users\vividsec\Documents\g4pold\pawno\include\system/houses.inc:60)
[00:48:30] [plugins/mysql] cache_get_value_name_float: field 'GaragePosZ' not found (C:\Users\vividsec\Documents\g4pold\pawno\include\system/houses.inc:61)
[00:48:30] [plugins/mysql] cache_get_value_name_int: field 'Garage' not found (C:\Users\vividsec\Documents\g4pold\pawno\include\system/houses.inc:51)
[00:48:30] [plugins/mysql] cache_get_value_name_float: field 'GaragePosX' not found (C:\Users\vividsec\Documents\g4pold\pawno\include\system/houses.inc:59)
[00:48:30] [plugins/mysql] cache_get_value_name_float: field 'GaragePosY' not found (C:\Users\vividsec\Documents\g4pold\pawno\include\system/houses.inc:60)
[00:48:30] [plugins/mysql] cache_get_value_name_float: field 'GaragePosZ' not found (C:\Users\vividsec\Documents\g4pold\pawno\include\system/houses.inc:61)
[00:48:30] [plugins/mysql] cache_get_value_name_int: field 'Garage' not found (C:\Users\vividsec\Documents\g4pold\pawno\include\system/houses.inc:51)
[00:48:30] [plugins/mysql] cache_get_value_name_float: field 'GaragePosX' not found (C:\Users\vividsec\Documents\g4pold\pawno\include\system/houses.inc:59)
[00:48:30] [plugins/mysql] cache_get_value_name_float: field 'GaragePosY' not found (C:\Users\vividsec\Documents\g4pold\pawno\include\system/houses.inc:60)
[00:48:30] [plugins/mysql] cache_get_value_name_float: field 'GaragePosZ' not found (C:\Users\vividsec\Documents\g4pold\pawno\include\system/houses.inc:61)
[00:48:30] [plugins/mysql] cache_get_value_name_int: field 'Garage' not found (C:\Users\vividsec\Documents\g4pold\pawno\include\system/houses.inc:51)
[00:48:30] [plugins/mysql] cache_get_value_name_float: field 'GaragePosX' not found (C:\Users\vividsec\Documents\g4pold\pawno\include\system/houses.inc:59)
[00:48:30] [plugins/mysql] cache_get_value_name_float: field 'GaragePosY' not found (C:\Users\vividsec\Documents\g4pold\pawno\include\system/houses.inc:60)
[00:48:30] [plugins/mysql] cache_get_value_name_float: field 'GaragePosZ' not found (C:\Users\vividsec\Documents\g4pold\pawno\include\system/houses.inc:61)
[00:48:30] [plugins/mysql] cache_get_value_name_int: field 'Garage' not found (C:\Users\vividsec\Documents\g4pold\pawno\include\system/houses.inc:51)
[00:48:30] [plugins/mysql] cache_get_value_name_float: field 'GaragePosX' not found (C:\Users\vividsec\Documents\g4pold\pawno\include\system/houses.inc:59)
[00:48:30] [plugins/mysql] cache_get_value_name_float: field 'GaragePosY' not found (C:\Users\vividsec\Documents\g4pold\pawno\include\system/houses.inc:60)
[00:48:30] [plugins/mysql] cache_get_value_name_float: field 'GaragePosZ' not found (C:\Users\vividsec\Documents\g4pold\pawno\include\system/houses.inc:61)
[00:48:30] [plugins/mysql] cache_get_value_name_int: field 'Garage' not found (C:\Users\vividsec\Documents\g4pold\pawno\include\system/houses.inc:51)
[00:48:30] [plugins/mysql] cache_get_value_name_float: field 'GaragePosX' not found (C:\Users\vividsec\Documents\g4pold\pawno\include\system/houses.inc:59)
[00:48:30] [plugins/mysql] cache_get_value_name_float: field 'GaragePosY' not found (C:\Users\vividsec\Documents\g4pold\pawno\include\system/houses.inc:60)
[00:48:30] [plugins/mysql] cache_get_value_name_float: field 'GaragePosZ' not found (C:\Users\vividsec\Documents\g4pold\pawno\include\system/houses.inc:61)
[00:48:30] [plugins/mysql] cache_get_value_name_int: field 'Garage' not found (C:\Users\vividsec\Documents\g4pold\pawno\include\system/houses.inc:51)
[00:48:30] [plugins/mysql] cache_get_value_name_float: field 'GaragePosX' not found (C:\Users\vividsec\Documents\g4pold\pawno\include\system/houses.inc:59)
[00:48:30] [plugins/mysql] cache_get_value_name_float: field 'GaragePosY' not found (C:\Users\vividsec\Documents\g4pold\pawno\include\system/houses.inc:60)
[00:48:30] [plugins/mysql] cache_get_value_name_float: field 'GaragePosZ' not found (C:\Users\vividsec\Documents\g4pold\pawno\include\system/houses.inc:61)
[00:48:30] [plugins/mysql] cache_get_value_name_int: field 'Garage' not found (C:\Users\vividsec\Documents\g4pold\pawno\include\system/houses.inc:51)
[00:48:30] [plugins/mysql] cache_get_value_name_float: field 'GaragePosX' not found (C:\Users\vividsec\Documents\g4pold\pawno\include\system/houses.inc:59)
[00:48:30] [plugins/mysql] cache_get_value_name_float: field 'GaragePosY' not found (C:\Users\vividsec\Documents\g4pold\pawno\include\system/houses.inc:60)
[00:48:30] [plugins/mysql] cache_get_value_name_float: field 'GaragePosZ' not found (C:\Users\vividsec\Documents\g4pold\pawno\include\system/houses.inc:61)
[00:48:30] [plugins/mysql] cache_get_value_name_int: field 'Garage' not found (C:\Users\vividsec\Documents\g4pold\pawno\include\system/houses.inc:51)
[00:48:30] [plugins/mysql] cache_get_value_name_float: field 'GaragePosX' not found (C:\Users\vividsec\Documents\g4pold\pawno\include\system/houses.inc:59)
[00:48:30] [plugins/mysql] cache_get_value_name_float: field 'GaragePosY' not found (C:\Users\vividsec\Documents\g4pold\pawno\include\system/houses.inc:60)
[00:48:30] [plugins/mysql] cache_get_value_name_float: field 'GaragePosZ' not found (C:\Users\vividsec\Documents\g4pold\pawno\include\system/houses.inc:61)
[00:48:30] [plugins/mysql] cache_get_value_name_int: field 'Garage' not found (C:\Users\vividsec\Documents\g4pold\pawno\include\system/houses.inc:51)
[00:48:30] [plugins/mysql] cache_get_value_name_float: field 'GaragePosX' not found (C:\Users\vividsec\Documents\g4pold\pawno\include\system/houses.inc:59)
[00:48:30] [plugins/mysql] cache_get_value_name_float: field 'GaragePosY' not found (C:\Users\vividsec\Documents\g4pold\pawno\include\system/houses.inc:60)
[00:48:30] [plugins/mysql] cache_get_value_name_float: field 'GaragePosZ' not found (C:\Users\vividsec\Documents\g4pold\pawno\include\system/houses.inc:61)
[00:48:30] [plugins/mysql] cache_get_value_name_int: field 'Garage' not found (C:\Users\vividsec\Documents\g4pold\pawno\include\system/houses.inc:51)
[00:48:30] [plugins/mysql] cache_get_value_name_float: field 'GaragePosX' not found (C:\Users\vividsec\Documents\g4pold\pawno\include\system/houses.inc:59)
[00:48:30] [plugins/mysql] cache_get_value_name_float: field 'GaragePosY' not found (C:\Users\vividsec\Documents\g4pold\pawno\include\system/houses.inc:60)
[00:48:30] [plugins/mysql] cache_get_value_name_float: field 'GaragePosZ' not found (C:\Users\vividsec\Documents\g4pold\pawno\include\system/houses.inc:61)
[00:48:30] [plugins/mysql] cache_get_value_name_int: field 'Garage' not found (C:\Users\vividsec\Documents\g4pold\pawno\include\system/houses.inc:51)
[00:48:30] [plugins/mysql] cache_get_value_name_float: field 'GaragePosX' not found (C:\Users\vividsec\Documents\g4pold\pawno\include\system/houses.inc:59)
[00:48:30] [plugins/mysql] cache_get_value_name_float: field 'GaragePosY' not found (C:\Users\vividsec\Documents\g4pold\pawno\include\system/houses.inc:60)
[00:48:30] [plugins/mysql] cache_get_value_name_float: field 'GaragePosZ' not found (C:\Users\vividsec\Documents\g4pold\pawno\include\system/houses.inc:61)
[00:48:30] [plugins/mysql] cache_get_value_name_int: field 'Garage' not found (C:\Users\vividsec\Documents\g4pold\pawno\include\system/houses.inc:51)
[00:48:30] [plugins/mysql] cache_get_value_name_float: field 'GaragePosX' not found (C:\Users\vividsec\Documents\g4pold\pawno\include\system/houses.inc:59)
[00:48:30] [plugins/mysql] cache_get_value_name_float: field 'GaragePosY' not found (C:\Users\vividsec\Documents\g4pold\pawno\include\system/houses.inc:60)
[00:48:30] [plugins/mysql] cache_get_value_name_float: field 'GaragePosZ' not found (C:\Users\vividsec\Documents\g4pold\pawno\include\system/houses.inc:61)
[00:48:30] [plugins/mysql] cache_get_value_name_int: field 'Garage' not found (C:\Users\vividsec\Documents\g4pold\pawno\include\system/houses.inc:51)
[00:48:30] [plugins/mysql] cache_get_value_name_float: field 'GaragePosX' not found (C:\Users\vividsec\Documents\g4pold\pawno\include\system/houses.inc:59)
[00:48:30] [plugins/mysql] cache_get_value_name_float: field 'GaragePosY' not found (C:\Users\vividsec\Documents\g4pold\pawno\include\system/houses.inc:60)
[00:48:30] [plugins/mysql] cache_get_value_name_float: field 'GaragePosZ' not found (C:\Users\vividsec\Documents\g4pold\pawno\include\system/houses.inc:61)
[00:48:30] [plugins/mysql] cache_get_value_name_int: field 'Garage' not found (C:\Users\vividsec\Documents\g4pold\pawno\include\system/houses.inc:51)
[00:48:30] [plugins/mysql] cache_get_value_name_float: field 'GaragePosX' not found (C:\Users\vividsec\Documents\g4pold\pawno\include\system/houses.inc:59)
[00:48:30] [plugins/mysql] cache_get_value_name_float: field 'GaragePosY' not found (C:\Users\vividsec\Documents\g4pold\pawno\include\system/houses.inc:60)
[00:48:30] [plugins/mysql] cache_get_value_name_float: field 'GaragePosZ' not found (C:\Users\vividsec\Documents\g4pold\pawno\include\system/houses.inc:61)
[00:48:30] [plugins/mysql] cache_get_value_name_int: field 'Garage' not found (C:\Users\vividsec\Documents\g4pold\pawno\include\system/houses.inc:51)
[00:48:30] [plugins/mysql] cache_get_value_name_float: field 'GaragePosX' not found (C:\Users\vividsec\Documents\g4pold\pawno\include\system/houses.inc:59)
[00:48:30] [plugins/mysql] cache_get_value_name_float: field 'GaragePosY' not found (C:\Users\vividsec\Documents\g4pold\pawno\include\system/houses.inc:60)
[00:48:30] [plugins/mysql] cache_get_value_name_float: field 'GaragePosZ' not found (C:\Users\vividsec\Documents\g4pold\pawno\include\system/houses.inc:61)
[00:48:30] [plugins/mysql] cache_get_value_name_int: field 'Garage' not found (C:\Users\vividsec\Documents\g4pold\pawno\include\system/houses.inc:51)
[00:48:30] [plugins/mysql] cache_get_value_name_float: field 'GaragePosX' not found (C:\Users\vividsec\Documents\g4pold\pawno\include\system/houses.inc:59)
[00:48:30] [plugins/mysql] cache_get_value_name_float: field 'GaragePosY' not found (C:\Users\vividsec\Documents\g4pold\pawno\include\system/houses.inc:60)
[00:48:30] [plugins/mysql] cache_get_value_name_float: field 'GaragePosZ' not found (C:\Users\vividsec\Documents\g4pold\pawno\include\system/houses.inc:61)
[00:48:30] [plugins/mysql] cache_get_value_name_int: field 'Garage' not found (C:\Users\vividsec\Documents\g4pold\pawno\include\system/houses.inc:51)
[00:48:30] [plugins/mysql] cache_get_value_name_float: field 'GaragePosX' not found (C:\Users\vividsec\Documents\g4pold\pawno\include\system/houses.inc:59)
[00:48:30] [plugins/mysql] cache_get_value_name_float: field 'GaragePosY' not found (C:\Users\vividsec\Documents\g4pold\pawno\include\system/houses.inc:60)
[00:48:30] [plugins/mysql] cache_get_value_name_float: field 'GaragePosZ' not found (C:\Users\vividsec\Documents\g4pold\pawno\include\system/houses.inc:61)
[00:48:30] [plugins/mysql] cache_get_value_name_int: field 'Garage' not found (C:\Users\vividsec\Documents\g4pold\pawno\include\system/houses.inc:51)
[00:48:30] [plugins/mysql] cache_get_value_name_float: field 'GaragePosX' not found (C:\Users\vividsec\Documents\g4pold\pawno\include\system/houses.inc:59)
[00:48:30] [plugins/mysql] cache_get_value_name_float: field 'GaragePosY' not found (C:\Users\vividsec\Documents\g4pold\pawno\include\system/houses.inc:60)
[00:48:30] [plugins/mysql] cache_get_value_name_float: field 'GaragePosZ' not found (C:\Users\vividsec\Documents\g4pold\pawno\include\system/houses.inc:61)
[00:48:30] [plugins/mysql] cache_get_value_name_int: field 'Garage' not found (C:\Users\vividsec\Documents\g4pold\pawno\include\system/houses.inc:51)
[00:48:30] [plugins/mysql] cache_get_value_name_float: field 'GaragePosX' not found (C:\Users\vividsec\Documents\g4pold\pawno\include\system/houses.inc:59)
[00:48:30] [plugins/mysql] cache_get_value_name_float: field 'GaragePosY' not found (C:\Users\vividsec\Documents\g4pold\pawno\include\system/houses.inc:60)
[00:48:30] [plugins/mysql] cache_get_value_name_float: field 'GaragePosZ' not found (C:\Users\vividsec\Documents\g4pold\pawno\include\system/houses.inc:61)
[00:48:30] [plugins/mysql] cache_get_value_name_int: field 'Garage' not found (C:\Users\vividsec\Documents\g4pold\pawno\include\system/houses.inc:51)
[00:48:30] [plugins/mysql] cache_get_value_name_float: field 'GaragePosX' not found (C:\Users\vividsec\Documents\g4pold\pawno\include\system/houses.inc:59)
[00:48:30] [plugins/mysql] cache_get_value_name_float: field 'GaragePosY' not found (C:\Users\vividsec\Documents\g4pold\pawno\include\system/houses.inc:60)
[00:48:30] [plugins/mysql] cache_get_value_name_float: field 'GaragePosZ' not found (C:\Users\vividsec\Documents\g4pold\pawno\include\system/houses.inc:61)
[00:48:30] [plugins/mysql] cache_get_value_name_int: field 'Garage' not found (C:\Users\vividsec\Documents\g4pold\pawno\include\system/houses.inc:51)
[00:48:30] [plugins/mysql] cache_get_value_name_float: field 'GaragePosX' not found (C:\Users\vividsec\Documents\g4pold\pawno\include\system/houses.inc:59)
[00:48:30] [plugins/mysql] cache_get_value_name_float: field 'GaragePosY' not found (C:\Users\vividsec\Documents\g4pold\pawno\include\system/houses.inc:60)
[00:48:30] [plugins/mysql] cache_get_value_name_float: field 'GaragePosZ' not found (C:\Users\vividsec\Documents\g4pold\pawno\include\system/houses.inc:61)
[00:48:30] [plugins/mysql] cache_get_value_name_int: field 'Garage' not found (C:\Users\vividsec\Documents\g4pold\pawno\include\system/houses.inc:51)
[00:48:30] [plugins/mysql] cache_get_value_name_float: field 'GaragePosX' not found (C:\Users\vividsec\Documents\g4pold\pawno\include\system/houses.inc:59)
[00:48:30] [plugins/mysql] cache_get_value_name_float: field 'GaragePosY' not found (C:\Users\vividsec\Documents\g4pold\pawno\include\system/houses.inc:60)
[00:48:30] [plugins/mysql] cache_get_value_name_float: field 'GaragePosZ' not found (C:\Users\vividsec\Documents\g4pold\pawno\include\system/houses.inc:61)
[00:48:30] [plugins/mysql] cache_get_value_name_int: field 'Garage' not found (C:\Users\vividsec\Documents\g4pold\pawno\include\system/houses.inc:51)
[00:48:30] [plugins/mysql] cache_get_value_name_float: field 'GaragePosX' not found (C:\Users\vividsec\Documents\g4pold\pawno\include\system/houses.inc:59)
[00:48:30] [plugins/mysql] cache_get_value_name_float: field 'GaragePosY' not found (C:\Users\vividsec\Documents\g4pold\pawno\include\system/houses.inc:60)
[00:48:30] [plugins/mysql] cache_get_value_name_float: field 'GaragePosZ' not found (C:\Users\vividsec\Documents\g4pold\pawno\include\system/houses.inc:61)
[00:48:30] [plugins/mysql] cache_get_value_name_int: field 'Garage' not found (C:\Users\vividsec\Documents\g4pold\pawno\include\system/houses.inc:51)
[00:48:30] [plugins/mysql] cache_get_value_name_float: field 'GaragePosX' not found (C:\Users\vividsec\Documents\g4pold\pawno\include\system/houses.inc:59)
[00:48:30] [plugins/mysql] cache_get_value_name_float: field 'GaragePosY' not found (C:\Users\vividsec\Documents\g4pold\pawno\include\system/houses.inc:60)
[00:48:30] [plugins/mysql] cache_get_value_name_float: field 'GaragePosZ' not found (C:\Users\vividsec\Documents\g4pold\pawno\include\system/houses.inc:61)
[00:48:30] [plugins/mysql] cache_get_value_name_int: field 'Garage' not found (C:\Users\vividsec\Documents\g4pold\pawno\include\system/houses.inc:51)
[00:48:30] [plugins/mysql] cache_get_value_name_float: field 'GaragePosX' not found (C:\Users\vividsec\Documents\g4pold\pawno\include\system/houses.inc:59)
[00:48:30] [plugins/mysql] cache_get_value_name_float: field 'GaragePosY' not found (C:\Users\vividsec\Documents\g4pold\pawno\include\system/houses.inc:60)
[00:48:30] [plugins/mysql] cache_get_value_name_float: field 'GaragePosZ' not found (C:\Users\vividsec\Documents\g4pold\pawno\include\system/houses.inc:61)
[00:48:30] [plugins/mysql] cache_get_value_name_int: invalid row index '-1' (number of rows: '21') (C:\Users\vividsec\Documents\g4pold\pawno\include\system/warsUS.inc:28)
[00:48:30] [plugins/mysql] cache_get_value_name_int: invalid row index '-1' (number of rows: '21') (C:\Users\vividsec\Documents\g4pold\pawno\include\system/warsUS.inc:29)
[00:48:30] [plugins/mysql] cache_get_value_name_float: invalid row index '-1' (number of rows: '21') (C:\Users\vividsec\Documents\g4pold\pawno\include\system/warsUS.inc:31)
[00:48:30] [plugins/mysql] cache_get_value_name_float: invalid row index '-1' (number of rows: '21') (C:\Users\vividsec\Documents\g4pold\pawno\include\system/warsUS.inc:32)
[00:48:30] [plugins/mysql] cache_get_value_name_float: invalid row index '-1' (number of rows: '21') (C:\Users\vividsec\Documents\g4pold\pawno\include\system/warsUS.inc:33)
[00:48:30] [plugins/mysql] cache_get_value_name_float: invalid row index '-1' (number of rows: '21') (C:\Users\vividsec\Documents\g4pold\pawno\include\system/warsUS.inc:34)
[00:48:30] [plugins/mysql] cache_get_value_name_int: invalid row index '3' (number of rows: '3') (C:\Users\vividsec\Documents\g4pold\pawno\include\system/clans_hq.inc:41)
[00:48:30] [plugins/mysql] cache_get_value_name_float: invalid row index '3' (number of rows: '3') (C:\Users\vividsec\Documents\g4pold\pawno\include\system/clans_hq.inc:44)
[00:48:30] [plugins/mysql] cache_get_value_name_float: invalid row index '3' (number of rows: '3') (C:\Users\vividsec\Documents\g4pold\pawno\include\system/clans_hq.inc:45)
[00:48:30] [plugins/mysql] cache_get_value_name_float: invalid row index '3' (number of rows: '3') (C:\Users\vividsec\Documents\g4pold\pawno\include\system/clans_hq.inc:46)
[00:48:30] [plugins/mysql] cache_get_value_name: invalid row index '3' (number of rows: '3') (C:\Users\vividsec\Documents\g4pold\pawno\include\system/clans_hq.inc:48)
[00:48:30] [plugins/mysql] cache_get_value_name_int: invalid row index '3' (number of rows: '3') (C:\Users\vividsec\Documents\g4pold\pawno\include\system/clans_hq.inc:52)
[00:48:30] [plugins/mysql] cache_get_value_name_int: invalid row index '3' (number of rows: '3') (C:\Users\vividsec\Documents\g4pold\pawno\include\system/clans_hq.inc:53)
[00:48:30] [plugins/mysql] cache_get_value_name_int: invalid row index '3' (number of rows: '3') (C:\Users\vividsec\Documents\g4pold\pawno\include\system/clans_hq.inc:54)
[00:48:30] [plugins/mysql] cache_get_value_name_int: invalid row index '3' (number of rows: '3') (C:\Users\vividsec\Documents\g4pold\pawno\include\system/clans_hq.inc:55)
[00:48:30] [plugins/mysql] cache_get_value_name_int: invalid row index '3' (number of rows: '3') (C:\Users\vividsec\Documents\g4pold\pawno\include\a_mysql.inc:243 -> C:\Users\vividsec\Documents\g4pold\pawno\include\system/clans_hq.inc:59)
[00:48:30] [plugins/mysql] cache_get_value_name_int: field 'skinID' not found (C:\Users\vividsec\Documents\g4pold\pawno\include\system/skins_US.inc:118)
[00:48:30] [plugins/mysql] cache_get_value_name_int: field 'skinRarity' not found (C:\Users\vividsec\Documents\g4pold\pawno\include\system/skins_US.inc:119)
[00:48:30] [plugins/mysql] cache_get_value_name_int: field 'skinModel' not found (C:\Users\vividsec\Documents\g4pold\pawno\include\system/skins_US.inc:120)
[00:49:19] [plugins/mysql] cache_get_value_name_int: field 'AdminJail' not found (C:\Users\vividsec\Documents\g4pold\pawno\include\../../server/prerequires.inc:604)
[00:49:19] [plugins/mysql] cache_get_value_name_int: field 'DonoSkin' not found (C:\Users\vividsec\Documents\g4pold\pawno\include\../../server/prerequires.inc:650)
[00:49:19] [plugins/mysql] cache_get_value_name_int: field 'Checks' not found (C:\Users\vividsec\Documents\g4pold\pawno\include\../../server/prerequires.inc:655)
[00:49:19] [plugins/mysql] cache_get_value_name_int: field 'pre_quest' not found (C:\Users\vividsec\Documents\g4pold\pawno\include\../../server/prerequires.inc:662)
[00:49:19] [plugins/mysql] cache_get_value_name_int: field 'pre_times' not found (C:\Users\vividsec\Documents\g4pold\pawno\include\../../server/prerequires.inc:663)
[00:49:19] [plugins/mysql] cache_get_value_name_int: field 'totalLogins' not found (C:\Users\vividsec\Documents\g4pold\pawno\include\../../server/prerequires.inc:686)
[00:49:19] [plugins/mysql] cache_get_value_name: field 'Perks' not found (C:\Users\vividsec\Documents\g4pold\pawno\include\../../server/prerequires.inc:734)
[00:49:19] [plugins/mysql] cache_get_value_name_int: field 'Stage' not found (C:\Users\vividsec\Documents\g4pold\pawno\include\system/player_cars.inc:119)
[00:49:19] [plugins/mysql] cache_get_value_name_int: field 'Garage' not found (C:\Users\vividsec\Documents\g4pold\pawno\include\system/player_cars.inc:120)
[00:49:19] [plugins/mysql] cache_get_value_name_int: field 'Stage' not found (C:\Users\vividsec\Documents\g4pold\pawno\include\system/player_cars.inc:119)
[00:49:19] [plugins/mysql] cache_get_value_name_int: field 'Garage' not found (C:\Users\vividsec\Documents\g4pold\pawno\include\system/player_cars.inc:120)
[00:49:19] [plugins/mysql] error #1054 while executing query "UPDATE `players` SET `totalLogins`=1 WHERE `ID`=20;": Unknown column 'totalLogins' in 'field list' (C:\Users\vividsec\Documents\g4pold\pawno\include\../../server/prerequires.inc:1206 -> C:\Users\vividsec\Documents\g4pold\pawno\include\../../server/prerequires.inc:1007)
[00:50:39] [plugins/mysql] error #1054 while executing query "UPDATE `players` SET `Checks`=1 WHERE `ID`=20;": Unknown column 'Checks' in 'field list' (C:\Users\vividsec\Documents\g4pold\pawno\include\../../server/prerequires.inc:1206 -> C:\Users\vividsec\Documents\g4pold\pawno\include\system/timers.inc:371)
